app/jobs/[id]/page.tsx(42,14): error TS2552: Cannot find name 'user'. Did you mean 'use'?
context/AuthContext.tsx(33,30): error TS2339: Property 'find' does not exist on type 'Promise<Profile[]>'.
context/AuthContext.tsx(33,36): error TS7006: Parameter 'p' implicitly has an 'any' type.
context/AuthContext.tsx(33,62): error TS7053: Element implicitly has an 'any' type because expression of type '0' can't be used to index type 'Promise<Profile[]>'.
  Property '0' does not exist on type 'Promise<Profile[]>'.
pages/JobMatcherPage.tsx(61,32): error TS2339: Property 'getMatchedJobs' does not exist on type '{ getProfiles(): Promise<Profile[]>; getSeekerProfile(userId: string): Promise<SeekerProfile | null>; saveSeekerProfile(profile: SeekerProfile): Promise<...>; ... 10 more ...; getMatchingTalents(employerId: string): Promise<...>; }'.
pages/TalentPoolPage.tsx(18,16): error TS2345: Argument of type 'Promise<SeekerProfile[]>' is not assignable to parameter of type 'SetStateAction<SeekerProfile[]>'.
